<?xml version="1.0" encoding="UTF-8"?>
<!-- Generated by org.testng.reporters.JUnitReportReporter -->
<testsuite hostname="Usha_Naidu" name="products.CM.LoginTest" tests="3" failures="0" timestamp="31 Aug 2016 09:23:18 GMT" time="50.665" errors="0">
  <testcase name="ValidLogin" time="25.132" classname="products.CM.LoginTest"/>
  <testcase name="ValidEmailBlankPassword" time="11.188" classname="products.CM.LoginTest"/>
  <testcase name="BlankEmailBlankPassword" time="14.345" classname="products.CM.LoginTest"/>
</testsuite> <!-- products.CM.LoginTest -->
